[INFO] [2016-12-02 00:52:39.546]
daemon: register task id [7700460178498643405], name [write message to file.].
[INFO] [2016-12-02 00:52:39.486]
config: read file's data [/usr/local/tomcat/webapps/systemcenter/WEB-INF/app.xml].
[INFO] [2016-12-02 00:52:39.625]
ap manager: created approval process manager [org.colorcoding.ibas.bobas.organization.ibcp.OrganizationManager].
[INFO] [2016-12-02 00:52:39.677]
i18n: read file's data [/usr/local/tomcat/webapps/systemcenter/resources/i18n/locale.bobs.properties].
[INFO] [2016-12-02 00:52:39.680]
i18n: read file's data [/usr/local/tomcat/webapps/systemcenter/resources/i18n/locale.controls.properties].
[INFO] [2016-12-02 00:52:39.686]
i18n: read file's data [/usr/local/tomcat/webapps/systemcenter/resources/i18n/locale.sys.properties].
[INFO] [2016-12-02 00:52:39.690]
i18n: read file's data [/usr/local/tomcat/webapps/systemcenter/resources/i18n/locale.bobs_en-US.properties].
[INFO] [2016-12-02 00:52:39.694]
i18n: read file's data [/usr/local/tomcat/webapps/systemcenter/resources/i18n/locale.controls_en-US.properties].
[INFO] [2016-12-02 00:52:39.696]
repository: changed user [{User !system/-9}].
[INFO] [2016-12-02 00:52:39.708]
i18n: read file's data [/usr/local/tomcat/webapps/systemcenter/resources/i18n/locale.sys_en-US.properties].
[INFO] [2016-12-02 00:52:39.726]
repository: fetching [club.ibas.ibcp.systemcenter.bo.organization.OrganizationalStructure] in readonly repository.
[INFO] [2016-12-02 00:52:39.763]
db adapter: created db adapter [org.colorcoding.ibas.bobas.db.mysql.DbAdapter].
[INFO] [2016-12-02 00:52:39.764]
connection: using {Readonly}, user [root] & server [slave] & db [omni_channel_test].
[INFO] [2016-12-02 00:52:39.773]
daemon: register task id [6617071799895785381], name [idle db connection dispose.].
[INFO] [2016-12-02 00:52:41.177]
connection: user [root] connected [slave|omni_channel_test].
[INFO] [2016-12-02 00:52:41.289]
daemon: register task id [5703236126267809846], name [ownership refresh.].
[INFO] [2016-12-02 00:52:41.289]
judger: created ownership judger [org.colorcoding.ibas.bobas.ownership.ibcp.OwnershipJudger].
[INFO] [2016-12-02 00:52:41.289]
repository: fetch [club.ibas.ibcp.systemcenter.bo.organization.OrganizationalStructure] [1] times, result [0] filtering [0].
[INFO] [2016-12-02 00:52:41.290]
organization: read data in the database.
[INFO] [2016-12-02 00:52:41.318]
organization: cache data in file, [/usr/local/tomcat/temp/~org_cache_4fad7cea2b9c673f1fea18c0b50a8854.tmp].
[INFO] [2016-12-02 00:52:41.319]
daemon: register task id [5544640281951211804], name [organizations refresh.].
[INFO] [2016-12-02 00:52:41.319]
repository: changed user [{User !system/-9}].
[INFO] [2016-12-02 00:52:41.319]
repository: fetching [club.ibas.ibcp.systemcenter.bo.organization.User] in readonly repository.
[INFO] [2016-12-02 00:52:41.320]
connection: using {Readonly}, user [root] & server [slave] & db [omni_channel_test].
[INFO] [2016-12-02 00:52:41.330]
repository: changed user [{User !system/-9}].
[INFO] [2016-12-02 00:52:41.330]
repository: fetching [club.ibas.ibcp.systemcenter.bo.organization.User] in readonly repository.
[INFO] [2016-12-02 00:52:41.332]
connection: using {Readonly}, user [root] & server [slave] & db [omni_channel_test].
[INFO] [2016-12-02 00:52:41.343]
connection: user [root] connected [slave|omni_channel_test].
[INFO] [2016-12-02 00:52:41.375]
repository: fetch [club.ibas.ibcp.systemcenter.bo.organization.User] [1] times, result [0] filtering [0].
[INFO] [2016-12-02 00:52:41.382]
repository: fetch [club.ibas.ibcp.systemcenter.bo.organization.User] [1] times, result [0] filtering [0].
[INFO] [2016-12-02 00:59:27.881]
daemon: register task id [4957788967155400262], name [write message to file.].
[INFO] [2016-12-02 00:59:27.838]
config: read file's data [/usr/local/tomcat/webapps/systemcenter/WEB-INF/app.xml].
[INFO] [2016-12-02 00:59:27.974]
i18n: read file's data [/usr/local/tomcat/webapps/systemcenter/resources/i18n/locale.bobs.properties].
[INFO] [2016-12-02 00:59:27.984]
i18n: read file's data [/usr/local/tomcat/webapps/systemcenter/resources/i18n/locale.controls.properties].
[INFO] [2016-12-02 00:59:27.989]
i18n: read file's data [/usr/local/tomcat/webapps/systemcenter/resources/i18n/locale.sys.properties].
[INFO] [2016-12-02 00:59:28.003]
i18n: read file's data [/usr/local/tomcat/webapps/systemcenter/resources/i18n/locale.bobs_en-US.properties].
[INFO] [2016-12-02 00:59:28.008]
i18n: read file's data [/usr/local/tomcat/webapps/systemcenter/resources/i18n/locale.controls_en-US.properties].
[INFO] [2016-12-02 00:59:28.041]
i18n: read file's data [/usr/local/tomcat/webapps/systemcenter/resources/i18n/locale.sys_en-US.properties].
[INFO] [2016-12-02 00:59:28.076]
ap manager: created approval process manager [org.colorcoding.ibas.bobas.organization.ibcp.OrganizationManager].
[INFO] [2016-12-02 00:59:28.137]
repository: changed user [{User !system/-9}].
[INFO] [2016-12-02 00:59:28.169]
repository: fetching [club.ibas.ibcp.systemcenter.bo.organization.OrganizationalStructure] in readonly repository.
[INFO] [2016-12-02 00:59:28.188]
db adapter: created db adapter [org.colorcoding.ibas.bobas.db.mysql.DbAdapter].
[INFO] [2016-12-02 00:59:28.189]
connection: using {Readonly}, user [root] & server [slave] & db [omni_channel_test].
[INFO] [2016-12-02 00:59:28.190]
daemon: register task id [7934789030715633237], name [idle db connection dispose.].
[INFO] [2016-12-02 00:59:29.415]
connection: user [root] connected [slave|omni_channel_test].
[INFO] [2016-12-02 00:59:29.480]
daemon: register task id [6453912973770870704], name [ownership refresh.].
[INFO] [2016-12-02 00:59:29.480]
judger: created ownership judger [org.colorcoding.ibas.bobas.ownership.ibcp.OwnershipJudger].
[INFO] [2016-12-02 00:59:29.488]
repository: fetch [club.ibas.ibcp.systemcenter.bo.organization.OrganizationalStructure] [1] times, result [0] filtering [0].
[INFO] [2016-12-02 00:59:29.489]
organization: read data in the database.
[INFO] [2016-12-02 00:59:29.646]
organization: cache data in file, [/usr/local/tomcat/temp/~org_cache_4fad7cea2b9c673f1fea18c0b50a8854.tmp].
[INFO] [2016-12-02 00:59:29.648]
daemon: register task id [8897486870240932355], name [organizations refresh.].
[INFO] [2016-12-02 00:59:29.648]
repository: changed user [{User !system/-9}].
[INFO] [2016-12-02 00:59:29.648]
repository: fetching [club.ibas.ibcp.systemcenter.bo.organization.User] in readonly repository.
[INFO] [2016-12-02 00:59:29.649]
connection: using {Readonly}, user [root] & server [slave] & db [omni_channel_test].
[INFO] [2016-12-02 00:59:29.698]
repository: fetch [club.ibas.ibcp.systemcenter.bo.organization.User] [1] times, result [0] filtering [0].
[INFO] [2016-12-02 00:59:44.679]
repository: changed user [{User !system/-9}].
[INFO] [2016-12-02 00:59:44.679]
repository: fetching [club.ibas.ibcp.systemcenter.bo.organization.User] in readonly repository.
[INFO] [2016-12-02 00:59:44.683]
connection: using {Readonly}, user [root] & server [slave] & db [omni_channel_test].
[INFO] [2016-12-02 00:59:44.708]
repository: fetch [club.ibas.ibcp.systemcenter.bo.organization.User] [1] times, result [1] filtering [0].
[INFO] [2016-12-02 00:59:44.709]
repository: fetching [club.ibas.ibcp.systemcenter.bo.organization.User] in readonly repository.
[INFO] [2016-12-02 00:59:44.709]
connection: using {Readonly}, user [root] & server [slave] & db [omni_channel_test].
[INFO] [2016-12-02 00:59:44.714]
repository: fetch [club.ibas.ibcp.systemcenter.bo.organization.User] [1] times, result [1] filtering [0].
[INFO] [2016-12-02 00:59:46.554]
repository: changed user [{User admin/1}].
[INFO] [2016-12-02 00:59:46.555]
repository: fetching [club.ibas.ibcp.systemcenter.bo.organization.OrganizationalStructure] in readonly repository.
[INFO] [2016-12-02 00:59:46.555]
connection: using {Readonly}, user [root] & server [slave] & db [omni_channel_test].
[INFO] [2016-12-02 00:59:46.564]
repository: fetch [club.ibas.ibcp.systemcenter.bo.organization.OrganizationalStructure] [1] times, result [0] filtering [0].
[INFO] [2016-12-02 00:59:46.669]
connection: using {Master}, user [root] & server [master] & db [omni_channel_test].
[INFO] [2016-12-02 00:59:46.682]
connection: user [root] connected [master|omni_channel_test].
[INFO] [2016-12-02 00:59:46.752]
routing: load config [/usr/local/tomcat/webapps/systemcenter/WEB-INF/service_routing.xml].
[INFO] [2016-12-02 00:59:46.753]
routing: module [62a87fed-fa39-480a-987f-507b489077c2 - ApprovalProcess|ap].
  data: [http://192.168.227.131/app0/approvalprocess].
  view: [http://192.168.227.131/app0/approvalprocess].
[INFO] [2016-12-02 00:59:46.753]
routing: module [25e4c5e6-21d3-4701-8551-9d551746f845 - ReportAnalysis|ra].
  data: [http://192.168.227.131/app0/reportanalysis].
  view: [http://192.168.227.131/app0/reportanalysis].
[INFO] [2016-12-02 00:59:46.753]
routing: module [af1efd6f-3b86-4dc7-93de-15d780ac9f2e - BusinessDataOutput|do].
  data: [http://192.168.227.131/app0/businessdataoutput].
  view: [http://192.168.227.131/app0/businessdataoutput].
[INFO] [2016-12-02 00:59:46.753]
routing: module [b650d7d1-fea0-44d4-85f7-f81b7904294a - BusinessElements|be].
  data: [http://192.168.227.131/app0/businesselements].
  view: [http://192.168.227.131/app0/businesselements].
[INFO] [2016-12-02 00:59:46.756]
routing: module [d4330860-9dec-426a-8765-df3254e14d57 - BusinessPartner|bp].
  data: [http://192.168.227.131/app0/businesspartner].
  view: [http://192.168.227.131/app0/businesspartner].
[INFO] [2016-12-02 00:59:46.760]
routing: module [88d05da8-e328-4a40-99f5-ebf236561bc5 - MaterialsManagement|mm].
  data: [http://192.168.227.131/app0/materialsmanagement].
  view: [http://192.168.227.131/app0/materialsmanagement].
[INFO] [2016-12-02 00:59:46.760]
routing: module [e85079f5-15a8-4f74-bc0f-910c23c3d302 - MembersManagement|mb].
  data: [http://192.168.227.131/app0/membersmanagement].
  view: [http://192.168.227.131/app0/membersmanagement].
[INFO] [2016-12-02 00:59:46.760]
routing: module [b74b33fe-6819-4820-9db3-720ec2da0f71 - HumanResources|hr].
  data: [http://192.168.227.131/app0/humanresources].
  view: [http://192.168.227.131/app0/humanresources].
[INFO] [2016-12-02 00:59:46.760]
routing: module [abcf813f-f3f5-4d18-aef2-fbc6d998c92e - DistributorApplication|da].
  data: [http://192.168.227.131/app0/distributorapplication].
  view: [http://192.168.227.131/app0/distributorapplication].
[INFO] [2016-12-02 00:59:46.761]
routing: module [b70d9fd4-c60a-48b0-8325-e12eda851269 - PurchaseManagement|pm].
  data: [http://192.168.227.131/app0/purchasemanagement].
  view: [http://192.168.227.131/app0/purchasemanagement].
[INFO] [2016-12-02 00:59:46.761]
routing: module [9db22489-a1b2-4cc4-b988-3931bb4f8237 - SalesManagement|sm].
  data: [http://192.168.227.131/app0/salesmanagement].
  view: [http://192.168.227.131/app0/salesmanagement].
[INFO] [2016-12-02 00:59:46.761]
routing: module [e79f69a5-7261-4dc3-b274-8cf2f40e0b90 - ReceiptPayment|rp].
  data: [http://192.168.227.131/app0/receiptpayment].
  view: [http://192.168.227.131/app0/receiptpayment].
[INFO] [2016-12-02 00:59:46.761]
routing: module [0214b27a-2325-475e-ac53-08e1a71269a5 - MarketingManagement|mk].
  data: [http://192.168.227.131/app0/marketingmanagement].
  view: [http://192.168.227.131/app0/marketingmanagement].
[INFO] [2016-12-02 00:59:46.761]
routing: module [7aec1592-2505-472e-bbc5-a1095df626de - CustomerServiceCenter|cs].
  data: [http://192.168.227.131/app0/customerservicecenter].
  view: [http://192.168.227.131/app0/customerservicecenter].
[INFO] [2016-12-02 01:00:16.479]
repository: changed user [{User admin/1}].
[INFO] [2016-12-02 01:00:16.480]
repository: fetching [club.ibas.ibcp.systemcenter.bo.systemmessage.SystemMessage] in readonly repository.
[INFO] [2016-12-02 01:00:16.484]
connection: using {Readonly}, user [root] & server [slave] & db [omni_channel_test].
[INFO] [2016-12-02 01:00:16.503]
connection: user [root] connected [slave|omni_channel_test].
[INFO] [2016-12-02 01:00:16.511]
repository: fetch [club.ibas.ibcp.systemcenter.bo.systemmessage.SystemMessage] [1] times, result [0] filtering [0].
[INFO] [2016-12-02 01:00:20.608]
repository: changed user [{User admin/1}].
[INFO] [2016-12-02 01:00:20.608]
repository: fetching [club.ibas.ibcp.approvalprocess.bo.approvalrequest.ApprovalRequest] in readonly repository.
[INFO] [2016-12-02 01:00:20.608]
connection: using {Readonly}, user [root] & server [slave] & db [omni_channel_test].
[INFO] [2016-12-02 01:00:20.615]
repository: fetch [club.ibas.ibcp.approvalprocess.bo.approvalrequest.ApprovalRequest] [1] times, result [0] filtering [0].
[INFO] [2016-12-02 01:00:29.715]
repository: fetching [club.ibas.ibcp.systemcenter.bo.organization.OrganizationalStructure] in readonly repository.
[INFO] [2016-12-02 01:00:29.716]
connection: using {Readonly}, user [root] & server [slave] & db [omni_channel_test].
[INFO] [2016-12-02 01:00:29.722]
connection: user [root] connected [slave|omni_channel_test].
[INFO] [2016-12-02 01:00:29.727]
repository: fetch [club.ibas.ibcp.systemcenter.bo.organization.OrganizationalStructure] [1] times, result [0] filtering [0].
[INFO] [2016-12-02 01:00:29.727]
organization: read data in the database.
[INFO] [2016-12-02 01:00:29.743]
organization: cache data in file, [/usr/local/tomcat/temp/~org_cache_4fad7cea2b9c673f1fea18c0b50a8854.tmp].
[INFO] [2016-12-02 01:00:40.002]
repository: fetching [club.ibas.ibcp.systemcenter.bo.organization.User] in readonly repository.
[INFO] [2016-12-02 01:00:40.002]
connection: using {Readonly}, user [root] & server [slave] & db [omni_channel_test].
[INFO] [2016-12-02 01:00:40.013]
repository: fetching [club.ibas.ibcp.systemcenter.bo.organization.User] in readonly repository.
[INFO] [2016-12-02 01:00:40.018]
repository: fetch [club.ibas.ibcp.systemcenter.bo.organization.User] [1] times, result [1] filtering [0].
[INFO] [2016-12-02 01:00:40.019]
repository: changed user [{User admin/1}].
[INFO] [2016-12-02 01:00:40.019]
repository: fetching [club.ibas.ibcp.systemcenter.bo.boinformation.BOInformation] in readonly repository.
[INFO] [2016-12-02 01:00:40.019]
connection: using {Readonly}, user [root] & server [slave] & db [omni_channel_test].
[INFO] [2016-12-02 01:00:40.035]
connection: using {Readonly}, user [root] & server [slave] & db [omni_channel_test].
[INFO] [2016-12-02 01:00:40.044]
connection: user [root] connected [slave|omni_channel_test].
[INFO] [2016-12-02 01:00:40.045]
repository: fetch [club.ibas.ibcp.systemcenter.bo.organization.User] [1] times, result [1] filtering [0].
[INFO] [2016-12-02 01:00:40.045]
repository: changed user [{User admin/1}].
[INFO] [2016-12-02 01:00:40.045]
repository: fetching [club.ibas.ibcp.systemcenter.bo.bocriteria.BOCriteria] in readonly repository.
[INFO] [2016-12-02 01:00:40.046]
connection: using {Readonly}, user [root] & server [slave] & db [omni_channel_test].
[INFO] [2016-12-02 01:00:40.048]
repository: fetch [club.ibas.ibcp.systemcenter.bo.bocriteria.BOCriteria] [1] times, result [0] filtering [0].
[INFO] [2016-12-02 01:00:40.061]
repository: fetch [club.ibas.ibcp.systemcenter.bo.boinformation.BOInformation] [1] times, result [1] filtering [0].
[INFO] [2016-12-02 01:01:29.917]
repository: fetching [club.ibas.ibcp.systemcenter.bo.organization.OrganizationalStructure] in readonly repository.
[INFO] [2016-12-02 01:01:29.920]
connection: using {Readonly}, user [root] & server [slave] & db [omni_channel_test].
[INFO] [2016-12-02 01:01:29.942]
connection: user [root] connected [slave|omni_channel_test].
[INFO] [2016-12-02 01:01:29.946]
repository: fetch [club.ibas.ibcp.systemcenter.bo.organization.OrganizationalStructure] [1] times, result [0] filtering [0].
[INFO] [2016-12-02 01:01:29.947]
organization: read data in the database.
[INFO] [2016-12-02 01:01:29.953]
organization: cache data in file, [/usr/local/tomcat/temp/~org_cache_4fad7cea2b9c673f1fea18c0b50a8854.tmp].
[INFO] [2016-12-02 01:02:30.168]
repository: fetching [club.ibas.ibcp.systemcenter.bo.organization.OrganizationalStructure] in readonly repository.
[INFO] [2016-12-02 01:02:30.169]
connection: using {Readonly}, user [root] & server [slave] & db [omni_channel_test].
[INFO] [2016-12-02 01:02:30.184]
connection: user [root] connected [slave|omni_channel_test].
[INFO] [2016-12-02 01:02:30.188]
repository: fetch [club.ibas.ibcp.systemcenter.bo.organization.OrganizationalStructure] [1] times, result [0] filtering [0].
[INFO] [2016-12-02 01:02:30.189]
organization: read data in the database.
[INFO] [2016-12-02 01:02:30.202]
organization: cache data in file, [/usr/local/tomcat/temp/~org_cache_4fad7cea2b9c673f1fea18c0b50a8854.tmp].
[INFO] [2016-12-02 01:03:30.438]
repository: fetching [club.ibas.ibcp.systemcenter.bo.organization.OrganizationalStructure] in readonly repository.
[INFO] [2016-12-02 01:03:30.439]
connection: using {Readonly}, user [root] & server [slave] & db [omni_channel_test].
[INFO] [2016-12-02 01:03:30.444]
connection: user [root] connected [slave|omni_channel_test].
[INFO] [2016-12-02 01:03:30.448]
repository: fetch [club.ibas.ibcp.systemcenter.bo.organization.OrganizationalStructure] [1] times, result [0] filtering [0].
[INFO] [2016-12-02 01:03:30.448]
organization: read data in the database.
[INFO] [2016-12-02 01:03:30.451]
organization: cache data in file, [/usr/local/tomcat/temp/~org_cache_4fad7cea2b9c673f1fea18c0b50a8854.tmp].
[INFO] [2016-12-02 01:04:30.700]
repository: fetching [club.ibas.ibcp.systemcenter.bo.organization.OrganizationalStructure] in readonly repository.
[INFO] [2016-12-02 01:04:30.702]
connection: using {Readonly}, user [root] & server [slave] & db [omni_channel_test].
[INFO] [2016-12-02 01:04:30.717]
connection: user [root] connected [slave|omni_channel_test].
[INFO] [2016-12-02 01:04:30.722]
repository: fetch [club.ibas.ibcp.systemcenter.bo.organization.OrganizationalStructure] [1] times, result [0] filtering [0].
[INFO] [2016-12-02 01:04:30.723]
organization: read data in the database.
[INFO] [2016-12-02 01:04:30.731]
organization: cache data in file, [/usr/local/tomcat/temp/~org_cache_4fad7cea2b9c673f1fea18c0b50a8854.tmp].
[INFO] [2016-12-02 01:05:30.962]
repository: fetching [club.ibas.ibcp.systemcenter.bo.organization.OrganizationalStructure] in readonly repository.
[INFO] [2016-12-02 01:05:30.963]
connection: using {Readonly}, user [root] & server [slave] & db [omni_channel_test].
[INFO] [2016-12-02 01:05:30.973]
connection: user [root] connected [slave|omni_channel_test].
[INFO] [2016-12-02 01:05:30.982]
repository: fetch [club.ibas.ibcp.systemcenter.bo.organization.OrganizationalStructure] [1] times, result [0] filtering [0].
[INFO] [2016-12-02 01:05:30.982]
organization: read data in the database.
[INFO] [2016-12-02 01:05:30.990]
organization: cache data in file, [/usr/local/tomcat/temp/~org_cache_4fad7cea2b9c673f1fea18c0b50a8854.tmp].
[INFO] [2016-12-02 01:06:31.206]
repository: fetching [club.ibas.ibcp.systemcenter.bo.organization.OrganizationalStructure] in readonly repository.
[INFO] [2016-12-02 01:06:31.208]
connection: using {Readonly}, user [root] & server [slave] & db [omni_channel_test].
[INFO] [2016-12-02 01:06:31.224]
connection: user [root] connected [slave|omni_channel_test].
[INFO] [2016-12-02 01:06:31.227]
repository: fetch [club.ibas.ibcp.systemcenter.bo.organization.OrganizationalStructure] [1] times, result [0] filtering [0].
[INFO] [2016-12-02 01:06:31.227]
organization: read data in the database.
[INFO] [2016-12-02 01:06:31.234]
organization: cache data in file, [/usr/local/tomcat/temp/~org_cache_4fad7cea2b9c673f1fea18c0b50a8854.tmp].
[INFO] [2016-12-02 01:07:31.451]
repository: fetching [club.ibas.ibcp.systemcenter.bo.organization.OrganizationalStructure] in readonly repository.
[INFO] [2016-12-02 01:07:31.452]
connection: using {Readonly}, user [root] & server [slave] & db [omni_channel_test].
[INFO] [2016-12-02 01:07:31.456]
connection: user [root] connected [slave|omni_channel_test].
[INFO] [2016-12-02 01:07:31.458]
repository: fetch [club.ibas.ibcp.systemcenter.bo.organization.OrganizationalStructure] [1] times, result [0] filtering [0].
[INFO] [2016-12-02 01:07:31.458]
organization: read data in the database.
[INFO] [2016-12-02 01:07:31.461]
organization: cache data in file, [/usr/local/tomcat/temp/~org_cache_4fad7cea2b9c673f1fea18c0b50a8854.tmp].
[INFO] [2016-12-02 01:08:31.727]
repository: fetching [club.ibas.ibcp.systemcenter.bo.organization.OrganizationalStructure] in readonly repository.
[INFO] [2016-12-02 01:08:31.729]
connection: using {Readonly}, user [root] & server [slave] & db [omni_channel_test].
[INFO] [2016-12-02 01:08:31.758]
connection: user [root] connected [slave|omni_channel_test].
[INFO] [2016-12-02 01:08:31.760]
repository: fetch [club.ibas.ibcp.systemcenter.bo.organization.OrganizationalStructure] [1] times, result [0] filtering [0].
[INFO] [2016-12-02 01:08:31.761]
organization: read data in the database.
[INFO] [2016-12-02 01:08:31.764]
organization: cache data in file, [/usr/local/tomcat/temp/~org_cache_4fad7cea2b9c673f1fea18c0b50a8854.tmp].
[INFO] [2016-12-02 01:09:32.009]
repository: fetching [club.ibas.ibcp.systemcenter.bo.organization.OrganizationalStructure] in readonly repository.
[INFO] [2016-12-02 01:09:32.012]
connection: using {Readonly}, user [root] & server [slave] & db [omni_channel_test].
[INFO] [2016-12-02 01:09:32.048]
connection: user [root] connected [slave|omni_channel_test].
[INFO] [2016-12-02 01:09:32.053]
repository: fetch [club.ibas.ibcp.systemcenter.bo.organization.OrganizationalStructure] [1] times, result [0] filtering [0].
[INFO] [2016-12-02 01:09:32.053]
organization: read data in the database.
[INFO] [2016-12-02 01:09:32.059]
organization: cache data in file, [/usr/local/tomcat/temp/~org_cache_4fad7cea2b9c673f1fea18c0b50a8854.tmp].
[INFO] [2016-12-02 01:10:32.315]
repository: fetching [club.ibas.ibcp.systemcenter.bo.organization.OrganizationalStructure] in readonly repository.
[INFO] [2016-12-02 01:10:32.318]
connection: using {Readonly}, user [root] & server [slave] & db [omni_channel_test].
[INFO] [2016-12-02 01:10:32.347]
connection: user [root] connected [slave|omni_channel_test].
[INFO] [2016-12-02 01:10:32.357]
repository: fetch [club.ibas.ibcp.systemcenter.bo.organization.OrganizationalStructure] [1] times, result [0] filtering [0].
[INFO] [2016-12-02 01:10:32.357]
organization: read data in the database.
[INFO] [2016-12-02 01:10:32.362]
organization: cache data in file, [/usr/local/tomcat/temp/~org_cache_4fad7cea2b9c673f1fea18c0b50a8854.tmp].
[INFO] [2016-12-02 01:11:32.594]
repository: fetching [club.ibas.ibcp.systemcenter.bo.organization.OrganizationalStructure] in readonly repository.
[INFO] [2016-12-02 01:11:32.596]
connection: using {Readonly}, user [root] & server [slave] & db [omni_channel_test].
[INFO] [2016-12-02 01:11:32.629]
connection: user [root] connected [slave|omni_channel_test].
[INFO] [2016-12-02 01:11:32.635]
repository: fetch [club.ibas.ibcp.systemcenter.bo.organization.OrganizationalStructure] [1] times, result [0] filtering [0].
[INFO] [2016-12-02 01:11:32.636]
organization: read data in the database.
[INFO] [2016-12-02 01:11:32.640]
organization: cache data in file, [/usr/local/tomcat/temp/~org_cache_4fad7cea2b9c673f1fea18c0b50a8854.tmp].
[INFO] [2016-12-02 01:12:32.903]
repository: fetching [club.ibas.ibcp.systemcenter.bo.organization.OrganizationalStructure] in readonly repository.
[INFO] [2016-12-02 01:12:32.903]
connection: using {Readonly}, user [root] & server [slave] & db [omni_channel_test].
[INFO] [2016-12-02 01:12:32.911]
connection: user [root] connected [slave|omni_channel_test].
[INFO] [2016-12-02 01:12:32.913]
repository: fetch [club.ibas.ibcp.systemcenter.bo.organization.OrganizationalStructure] [1] times, result [0] filtering [0].
[INFO] [2016-12-02 01:12:32.914]
organization: read data in the database.
[INFO] [2016-12-02 01:12:32.918]
organization: cache data in file, [/usr/local/tomcat/temp/~org_cache_4fad7cea2b9c673f1fea18c0b50a8854.tmp].
[INFO] [2016-12-02 01:13:33.212]
repository: fetching [club.ibas.ibcp.systemcenter.bo.organization.OrganizationalStructure] in readonly repository.
[INFO] [2016-12-02 01:13:33.213]
connection: using {Readonly}, user [root] & server [slave] & db [omni_channel_test].
[INFO] [2016-12-02 01:13:33.217]
connection: user [root] connected [slave|omni_channel_test].
[INFO] [2016-12-02 01:13:33.219]
repository: fetch [club.ibas.ibcp.systemcenter.bo.organization.OrganizationalStructure] [1] times, result [0] filtering [0].
[INFO] [2016-12-02 01:13:33.219]
organization: read data in the database.
[INFO] [2016-12-02 01:13:33.225]
organization: cache data in file, [/usr/local/tomcat/temp/~org_cache_4fad7cea2b9c673f1fea18c0b50a8854.tmp].
[INFO] [2016-12-02 01:14:33.493]
repository: fetching [club.ibas.ibcp.systemcenter.bo.organization.OrganizationalStructure] in readonly repository.
[INFO] [2016-12-02 01:14:33.494]
connection: using {Readonly}, user [root] & server [slave] & db [omni_channel_test].
[INFO] [2016-12-02 01:14:33.500]
connection: user [root] connected [slave|omni_channel_test].
[INFO] [2016-12-02 01:14:33.501]
repository: fetch [club.ibas.ibcp.systemcenter.bo.organization.OrganizationalStructure] [1] times, result [0] filtering [0].
[INFO] [2016-12-02 01:14:33.501]
organization: read data in the database.
[INFO] [2016-12-02 01:14:33.504]
organization: cache data in file, [/usr/local/tomcat/temp/~org_cache_4fad7cea2b9c673f1fea18c0b50a8854.tmp].
[INFO] [2016-12-02 01:15:33.765]
repository: fetching [club.ibas.ibcp.systemcenter.bo.organization.OrganizationalStructure] in readonly repository.
[INFO] [2016-12-02 01:15:33.765]
connection: using {Readonly}, user [root] & server [slave] & db [omni_channel_test].
[INFO] [2016-12-02 01:15:33.773]
connection: user [root] connected [slave|omni_channel_test].
[INFO] [2016-12-02 01:15:33.775]
repository: fetch [club.ibas.ibcp.systemcenter.bo.organization.OrganizationalStructure] [1] times, result [0] filtering [0].
[INFO] [2016-12-02 01:15:33.775]
organization: read data in the database.
[INFO] [2016-12-02 01:15:33.779]
organization: cache data in file, [/usr/local/tomcat/temp/~org_cache_4fad7cea2b9c673f1fea18c0b50a8854.tmp].
[INFO] [2016-12-02 01:16:34.051]
repository: fetching [club.ibas.ibcp.systemcenter.bo.organization.OrganizationalStructure] in readonly repository.
[INFO] [2016-12-02 01:16:34.051]
connection: using {Readonly}, user [root] & server [slave] & db [omni_channel_test].
[INFO] [2016-12-02 01:16:34.070]
connection: user [root] connected [slave|omni_channel_test].
[INFO] [2016-12-02 01:16:34.072]
repository: fetch [club.ibas.ibcp.systemcenter.bo.organization.OrganizationalStructure] [1] times, result [0] filtering [0].
[INFO] [2016-12-02 01:16:34.072]
organization: read data in the database.
[INFO] [2016-12-02 01:16:34.076]
organization: cache data in file, [/usr/local/tomcat/temp/~org_cache_4fad7cea2b9c673f1fea18c0b50a8854.tmp].
[INFO] [2016-12-02 01:17:34.366]
repository: fetching [club.ibas.ibcp.systemcenter.bo.organization.OrganizationalStructure] in readonly repository.
[INFO] [2016-12-02 01:17:34.366]
connection: using {Readonly}, user [root] & server [slave] & db [omni_channel_test].
[INFO] [2016-12-02 01:17:34.370]
connection: user [root] connected [slave|omni_channel_test].
[INFO] [2016-12-02 01:17:34.371]
repository: fetch [club.ibas.ibcp.systemcenter.bo.organization.OrganizationalStructure] [1] times, result [0] filtering [0].
[INFO] [2016-12-02 01:17:34.371]
organization: read data in the database.
[INFO] [2016-12-02 01:17:34.375]
organization: cache data in file, [/usr/local/tomcat/temp/~org_cache_4fad7cea2b9c673f1fea18c0b50a8854.tmp].
[INFO] [2016-12-02 01:18:34.691]
repository: fetching [club.ibas.ibcp.systemcenter.bo.organization.OrganizationalStructure] in readonly repository.
[INFO] [2016-12-02 01:18:34.691]
connection: using {Readonly}, user [root] & server [slave] & db [omni_channel_test].
[INFO] [2016-12-02 01:18:34.695]
connection: user [root] connected [slave|omni_channel_test].
[INFO] [2016-12-02 01:18:34.696]
repository: fetch [club.ibas.ibcp.systemcenter.bo.organization.OrganizationalStructure] [1] times, result [0] filtering [0].
[INFO] [2016-12-02 01:18:34.697]
organization: read data in the database.
[INFO] [2016-12-02 01:18:34.699]
organization: cache data in file, [/usr/local/tomcat/temp/~org_cache_4fad7cea2b9c673f1fea18c0b50a8854.tmp].
[INFO] [2016-12-02 01:19:35.023]
repository: fetching [club.ibas.ibcp.systemcenter.bo.organization.OrganizationalStructure] in readonly repository.
[INFO] [2016-12-02 01:19:35.023]
connection: using {Readonly}, user [root] & server [slave] & db [omni_channel_test].
[INFO] [2016-12-02 01:19:35.026]
connection: user [root] connected [slave|omni_channel_test].
[INFO] [2016-12-02 01:19:35.027]
repository: fetch [club.ibas.ibcp.systemcenter.bo.organization.OrganizationalStructure] [1] times, result [0] filtering [0].
[INFO] [2016-12-02 01:19:35.028]
organization: read data in the database.
[INFO] [2016-12-02 01:19:35.030]
organization: cache data in file, [/usr/local/tomcat/temp/~org_cache_4fad7cea2b9c673f1fea18c0b50a8854.tmp].
[INFO] [2016-12-02 01:20:35.339]
repository: fetching [club.ibas.ibcp.systemcenter.bo.organization.OrganizationalStructure] in readonly repository.
[INFO] [2016-12-02 01:20:35.340]
connection: using {Readonly}, user [root] & server [slave] & db [omni_channel_test].
[INFO] [2016-12-02 01:20:35.347]
connection: user [root] connected [slave|omni_channel_test].
[INFO] [2016-12-02 01:20:35.352]
repository: fetch [club.ibas.ibcp.systemcenter.bo.organization.OrganizationalStructure] [1] times, result [0] filtering [0].
[INFO] [2016-12-02 01:20:35.352]
organization: read data in the database.
[INFO] [2016-12-02 01:20:35.362]
organization: cache data in file, [/usr/local/tomcat/temp/~org_cache_4fad7cea2b9c673f1fea18c0b50a8854.tmp].
[INFO] [2016-12-02 01:21:35.670]
repository: fetching [club.ibas.ibcp.systemcenter.bo.organization.OrganizationalStructure] in readonly repository.
[INFO] [2016-12-02 01:21:35.671]
connection: using {Readonly}, user [root] & server [slave] & db [omni_channel_test].
[INFO] [2016-12-02 01:21:35.675]
connection: user [root] connected [slave|omni_channel_test].
[INFO] [2016-12-02 01:21:35.676]
repository: fetch [club.ibas.ibcp.systemcenter.bo.organization.OrganizationalStructure] [1] times, result [0] filtering [0].
[INFO] [2016-12-02 01:21:35.677]
organization: read data in the database.
[INFO] [2016-12-02 01:21:35.680]
organization: cache data in file, [/usr/local/tomcat/temp/~org_cache_4fad7cea2b9c673f1fea18c0b50a8854.tmp].
[INFO] [2016-12-02 01:22:36.018]
repository: fetching [club.ibas.ibcp.systemcenter.bo.organization.OrganizationalStructure] in readonly repository.
[INFO] [2016-12-02 01:22:36.018]
connection: using {Readonly}, user [root] & server [slave] & db [omni_channel_test].
[INFO] [2016-12-02 01:22:36.022]
connection: user [root] connected [slave|omni_channel_test].
[INFO] [2016-12-02 01:22:36.023]
repository: fetch [club.ibas.ibcp.systemcenter.bo.organization.OrganizationalStructure] [1] times, result [0] filtering [0].
[INFO] [2016-12-02 01:22:36.023]
organization: read data in the database.
[INFO] [2016-12-02 01:22:36.025]
organization: cache data in file, [/usr/local/tomcat/temp/~org_cache_4fad7cea2b9c673f1fea18c0b50a8854.tmp].
[INFO] [2016-12-02 01:23:36.357]
repository: fetching [club.ibas.ibcp.systemcenter.bo.organization.OrganizationalStructure] in readonly repository.
[INFO] [2016-12-02 01:23:36.357]
connection: using {Readonly}, user [root] & server [slave] & db [omni_channel_test].
[INFO] [2016-12-02 01:23:36.361]
connection: user [root] connected [slave|omni_channel_test].
[INFO] [2016-12-02 01:23:36.361]
repository: fetch [club.ibas.ibcp.systemcenter.bo.organization.OrganizationalStructure] [1] times, result [0] filtering [0].
[INFO] [2016-12-02 01:23:36.362]
organization: read data in the database.
[INFO] [2016-12-02 01:23:36.366]
organization: cache data in file, [/usr/local/tomcat/temp/~org_cache_4fad7cea2b9c673f1fea18c0b50a8854.tmp].
[INFO] [2016-12-02 01:24:36.701]
repository: fetching [club.ibas.ibcp.systemcenter.bo.organization.OrganizationalStructure] in readonly repository.
[INFO] [2016-12-02 01:24:36.701]
connection: using {Readonly}, user [root] & server [slave] & db [omni_channel_test].
[INFO] [2016-12-02 01:24:36.707]
connection: user [root] connected [slave|omni_channel_test].
[INFO] [2016-12-02 01:24:36.708]
repository: fetch [club.ibas.ibcp.systemcenter.bo.organization.OrganizationalStructure] [1] times, result [0] filtering [0].
[INFO] [2016-12-02 01:24:36.708]
organization: read data in the database.
[INFO] [2016-12-02 01:24:36.711]
organization: cache data in file, [/usr/local/tomcat/temp/~org_cache_4fad7cea2b9c673f1fea18c0b50a8854.tmp].
[INFO] [2016-12-02 01:25:37.011]
repository: fetching [club.ibas.ibcp.systemcenter.bo.organization.OrganizationalStructure] in readonly repository.
[INFO] [2016-12-02 01:25:37.012]
connection: using {Readonly}, user [root] & server [slave] & db [omni_channel_test].
[INFO] [2016-12-02 01:25:37.043]
connection: user [root] connected [slave|omni_channel_test].
[INFO] [2016-12-02 01:25:37.052]
repository: fetch [club.ibas.ibcp.systemcenter.bo.organization.OrganizationalStructure] [1] times, result [0] filtering [0].
[INFO] [2016-12-02 01:25:37.052]
organization: read data in the database.
[INFO] [2016-12-02 01:25:37.057]
organization: cache data in file, [/usr/local/tomcat/temp/~org_cache_4fad7cea2b9c673f1fea18c0b50a8854.tmp].
[INFO] [2016-12-02 01:26:37.274]
repository: fetching [club.ibas.ibcp.systemcenter.bo.organization.OrganizationalStructure] in readonly repository.
[INFO] [2016-12-02 01:26:37.274]
connection: using {Readonly}, user [root] & server [slave] & db [omni_channel_test].
[INFO] [2016-12-02 01:26:37.287]
connection: user [root] connected [slave|omni_channel_test].
[INFO] [2016-12-02 01:26:37.292]
repository: fetch [club.ibas.ibcp.systemcenter.bo.organization.OrganizationalStructure] [1] times, result [0] filtering [0].
[INFO] [2016-12-02 01:26:37.293]
organization: read data in the database.
[INFO] [2016-12-02 01:26:37.303]
organization: cache data in file, [/usr/local/tomcat/temp/~org_cache_4fad7cea2b9c673f1fea18c0b50a8854.tmp].
[INFO] [2016-12-02 01:27:37.595]
repository: fetching [club.ibas.ibcp.systemcenter.bo.organization.OrganizationalStructure] in readonly repository.
[INFO] [2016-12-02 01:27:37.596]
connection: using {Readonly}, user [root] & server [slave] & db [omni_channel_test].
[INFO] [2016-12-02 01:27:37.616]
connection: user [root] connected [slave|omni_channel_test].
[INFO] [2016-12-02 01:27:37.621]
repository: fetch [club.ibas.ibcp.systemcenter.bo.organization.OrganizationalStructure] [1] times, result [0] filtering [0].
[INFO] [2016-12-02 01:27:37.621]
organization: read data in the database.
[INFO] [2016-12-02 01:27:37.629]
organization: cache data in file, [/usr/local/tomcat/temp/~org_cache_4fad7cea2b9c673f1fea18c0b50a8854.tmp].
[INFO] [2016-12-02 01:28:37.879]
repository: fetching [club.ibas.ibcp.systemcenter.bo.organization.OrganizationalStructure] in readonly repository.
[INFO] [2016-12-02 01:28:37.880]
connection: using {Readonly}, user [root] & server [slave] & db [omni_channel_test].
[INFO] [2016-12-02 01:28:37.908]
connection: user [root] connected [slave|omni_channel_test].
[INFO] [2016-12-02 01:28:37.916]
repository: fetch [club.ibas.ibcp.systemcenter.bo.organization.OrganizationalStructure] [1] times, result [0] filtering [0].
[INFO] [2016-12-02 01:28:37.917]
organization: read data in the database.
[INFO] [2016-12-02 01:28:37.924]
organization: cache data in file, [/usr/local/tomcat/temp/~org_cache_4fad7cea2b9c673f1fea18c0b50a8854.tmp].
[INFO] [2016-12-02 01:29:38.182]
repository: fetching [club.ibas.ibcp.systemcenter.bo.organization.OrganizationalStructure] in readonly repository.
[INFO] [2016-12-02 01:29:38.183]
connection: using {Readonly}, user [root] & server [slave] & db [omni_channel_test].
[INFO] [2016-12-02 01:29:38.196]
connection: user [root] connected [slave|omni_channel_test].
[INFO] [2016-12-02 01:29:38.204]
repository: fetch [club.ibas.ibcp.systemcenter.bo.organization.OrganizationalStructure] [1] times, result [0] filtering [0].
[INFO] [2016-12-02 01:29:38.204]
organization: read data in the database.
[INFO] [2016-12-02 01:29:38.218]
organization: cache data in file, [/usr/local/tomcat/temp/~org_cache_4fad7cea2b9c673f1fea18c0b50a8854.tmp].
[INFO] [2016-12-02 01:29:46.488]
repository: fetching [club.ibas.ibcp.systemcenter.bo.organization.User] in readonly repository.
[INFO] [2016-12-02 01:29:46.490]
connection: using {Readonly}, user [root] & server [slave] & db [omni_channel_test].
[INFO] [2016-12-02 01:29:46.507]
connection: user [root] connected [slave|omni_channel_test].
[INFO] [2016-12-02 01:29:46.510]
repository: fetch [club.ibas.ibcp.systemcenter.bo.organization.User] [1] times, result [1] filtering [0].
[INFO] [2016-12-02 01:29:46.510]
repository: changed user [{User admin/1}].
[INFO] [2016-12-02 01:29:46.510]
repository: fetching [club.ibas.ibcp.systemcenter.bo.systemmessage.SystemMessage] in readonly repository.
[INFO] [2016-12-02 01:29:46.513]
connection: using {Readonly}, user [root] & server [slave] & db [omni_channel_test].
[INFO] [2016-12-02 01:29:46.514]
repository: fetch [club.ibas.ibcp.systemcenter.bo.systemmessage.SystemMessage] [1] times, result [0] filtering [0].
[INFO] [2016-12-02 01:29:50.478]
repository: fetching [club.ibas.ibcp.systemcenter.bo.organization.User] in readonly repository.
[INFO] [2016-12-02 01:29:50.480]
connection: using {Readonly}, user [root] & server [slave] & db [omni_channel_test].
[INFO] [2016-12-02 01:29:50.495]
repository: fetch [club.ibas.ibcp.systemcenter.bo.organization.User] [1] times, result [1] filtering [0].
[INFO] [2016-12-02 01:29:50.496]
repository: changed user [{User admin/1}].
[INFO] [2016-12-02 01:29:50.496]
repository: fetching [club.ibas.ibcp.approvalprocess.bo.approvalrequest.ApprovalRequest] in readonly repository.
[INFO] [2016-12-02 01:29:50.496]
connection: using {Readonly}, user [root] & server [slave] & db [omni_channel_test].
[INFO] [2016-12-02 01:29:50.499]
repository: fetch [club.ibas.ibcp.approvalprocess.bo.approvalrequest.ApprovalRequest] [1] times, result [0] filtering [0].
[INFO] [2016-12-02 01:30:38.471]
repository: fetching [club.ibas.ibcp.systemcenter.bo.organization.OrganizationalStructure] in readonly repository.
[INFO] [2016-12-02 01:30:38.474]
connection: using {Readonly}, user [root] & server [slave] & db [omni_channel_test].
[INFO] [2016-12-02 01:30:38.499]
connection: user [root] connected [slave|omni_channel_test].
[INFO] [2016-12-02 01:30:38.502]
repository: fetch [club.ibas.ibcp.systemcenter.bo.organization.OrganizationalStructure] [1] times, result [0] filtering [0].
[INFO] [2016-12-02 01:30:38.502]
organization: read data in the database.
[INFO] [2016-12-02 01:30:38.512]
organization: cache data in file, [/usr/local/tomcat/temp/~org_cache_4fad7cea2b9c673f1fea18c0b50a8854.tmp].
[INFO] [2016-12-02 01:31:38.745]
repository: fetching [club.ibas.ibcp.systemcenter.bo.organization.OrganizationalStructure] in readonly repository.
[INFO] [2016-12-02 01:31:38.747]
connection: using {Readonly}, user [root] & server [slave] & db [omni_channel_test].
[INFO] [2016-12-02 01:31:38.758]
connection: user [root] connected [slave|omni_channel_test].
[INFO] [2016-12-02 01:31:38.761]
repository: fetch [club.ibas.ibcp.systemcenter.bo.organization.OrganizationalStructure] [1] times, result [0] filtering [0].
[INFO] [2016-12-02 01:31:38.761]
organization: read data in the database.
[INFO] [2016-12-02 01:31:38.766]
organization: cache data in file, [/usr/local/tomcat/temp/~org_cache_4fad7cea2b9c673f1fea18c0b50a8854.tmp].
[INFO] [2016-12-02 01:32:38.986]
repository: fetching [club.ibas.ibcp.systemcenter.bo.organization.OrganizationalStructure] in readonly repository.
[INFO] [2016-12-02 01:32:38.992]
connection: using {Readonly}, user [root] & server [slave] & db [omni_channel_test].
[INFO] [2016-12-02 01:32:39.001]
connection: user [root] connected [slave|omni_channel_test].
[INFO] [2016-12-02 01:32:39.005]
repository: fetch [club.ibas.ibcp.systemcenter.bo.organization.OrganizationalStructure] [1] times, result [0] filtering [0].
[INFO] [2016-12-02 01:32:39.005]
organization: read data in the database.
[INFO] [2016-12-02 01:32:39.012]
organization: cache data in file, [/usr/local/tomcat/temp/~org_cache_4fad7cea2b9c673f1fea18c0b50a8854.tmp].
[INFO] [2016-12-02 01:33:39.244]
repository: fetching [club.ibas.ibcp.systemcenter.bo.organization.OrganizationalStructure] in readonly repository.
[INFO] [2016-12-02 01:33:39.246]
connection: using {Readonly}, user [root] & server [slave] & db [omni_channel_test].
[INFO] [2016-12-02 01:33:39.255]
connection: user [root] connected [slave|omni_channel_test].
[INFO] [2016-12-02 01:33:39.259]
repository: fetch [club.ibas.ibcp.systemcenter.bo.organization.OrganizationalStructure] [1] times, result [0] filtering [0].
[INFO] [2016-12-02 01:33:39.259]
organization: read data in the database.
[INFO] [2016-12-02 01:33:39.267]
organization: cache data in file, [/usr/local/tomcat/temp/~org_cache_4fad7cea2b9c673f1fea18c0b50a8854.tmp].
[INFO] [2016-12-02 01:34:39.455]
repository: fetching [club.ibas.ibcp.systemcenter.bo.organization.OrganizationalStructure] in readonly repository.
[INFO] [2016-12-02 01:34:39.456]
connection: using {Readonly}, user [root] & server [slave] & db [omni_channel_test].
[INFO] [2016-12-02 01:34:39.474]
connection: user [root] connected [slave|omni_channel_test].
[INFO] [2016-12-02 01:34:39.480]
repository: fetch [club.ibas.ibcp.systemcenter.bo.organization.OrganizationalStructure] [1] times, result [0] filtering [0].
[INFO] [2016-12-02 01:34:39.480]
organization: read data in the database.
[INFO] [2016-12-02 01:34:39.486]
organization: cache data in file, [/usr/local/tomcat/temp/~org_cache_4fad7cea2b9c673f1fea18c0b50a8854.tmp].
[INFO] [2016-12-02 01:35:39.707]
repository: fetching [club.ibas.ibcp.systemcenter.bo.organization.OrganizationalStructure] in readonly repository.
[INFO] [2016-12-02 01:35:39.707]
connection: using {Readonly}, user [root] & server [slave] & db [omni_channel_test].
[INFO] [2016-12-02 01:35:39.717]
connection: user [root] connected [slave|omni_channel_test].
[INFO] [2016-12-02 01:35:39.718]
repository: fetch [club.ibas.ibcp.systemcenter.bo.organization.OrganizationalStructure] [1] times, result [0] filtering [0].
[INFO] [2016-12-02 01:35:39.718]
organization: read data in the database.
[INFO] [2016-12-02 01:35:39.725]
organization: cache data in file, [/usr/local/tomcat/temp/~org_cache_4fad7cea2b9c673f1fea18c0b50a8854.tmp].
[INFO] [2016-12-02 01:36:39.938]
repository: fetching [club.ibas.ibcp.systemcenter.bo.organization.OrganizationalStructure] in readonly repository.
[INFO] [2016-12-02 01:36:39.939]
connection: using {Readonly}, user [root] & server [slave] & db [omni_channel_test].
[INFO] [2016-12-02 01:36:39.948]
connection: user [root] connected [slave|omni_channel_test].
[INFO] [2016-12-02 01:36:39.951]
repository: fetch [club.ibas.ibcp.systemcenter.bo.organization.OrganizationalStructure] [1] times, result [0] filtering [0].
[INFO] [2016-12-02 01:36:39.951]
organization: read data in the database.
[INFO] [2016-12-02 01:36:39.957]
organization: cache data in file, [/usr/local/tomcat/temp/~org_cache_4fad7cea2b9c673f1fea18c0b50a8854.tmp].
[INFO] [2016-12-02 01:37:40.170]
repository: fetching [club.ibas.ibcp.systemcenter.bo.organization.OrganizationalStructure] in readonly repository.
[INFO] [2016-12-02 01:37:40.170]
connection: using {Readonly}, user [root] & server [slave] & db [omni_channel_test].
[INFO] [2016-12-02 01:37:40.175]
connection: user [root] connected [slave|omni_channel_test].
[INFO] [2016-12-02 01:37:40.176]
repository: fetch [club.ibas.ibcp.systemcenter.bo.organization.OrganizationalStructure] [1] times, result [0] filtering [0].
[INFO] [2016-12-02 01:37:40.176]
organization: read data in the database.
[INFO] [2016-12-02 01:37:40.180]
organization: cache data in file, [/usr/local/tomcat/temp/~org_cache_4fad7cea2b9c673f1fea18c0b50a8854.tmp].
[INFO] [2016-12-02 01:38:40.347]
repository: fetching [club.ibas.ibcp.systemcenter.bo.organization.OrganizationalStructure] in readonly repository.
[INFO] [2016-12-02 01:38:40.352]
connection: using {Readonly}, user [root] & server [slave] & db [omni_channel_test].
[INFO] [2016-12-02 01:38:40.378]
connection: user [root] connected [slave|omni_channel_test].
[INFO] [2016-12-02 01:38:40.381]
repository: fetch [club.ibas.ibcp.systemcenter.bo.organization.OrganizationalStructure] [1] times, result [0] filtering [0].
[INFO] [2016-12-02 01:38:40.381]
organization: read data in the database.
[INFO] [2016-12-02 01:38:40.387]
organization: cache data in file, [/usr/local/tomcat/temp/~org_cache_4fad7cea2b9c673f1fea18c0b50a8854.tmp].
[INFO] [2016-12-02 01:39:40.507]
repository: fetching [club.ibas.ibcp.systemcenter.bo.organization.OrganizationalStructure] in readonly repository.
[INFO] [2016-12-02 01:39:40.508]
connection: using {Readonly}, user [root] & server [slave] & db [omni_channel_test].
[INFO] [2016-12-02 01:39:40.534]
connection: user [root] connected [slave|omni_channel_test].
[INFO] [2016-12-02 01:39:40.540]
repository: fetch [club.ibas.ibcp.systemcenter.bo.organization.OrganizationalStructure] [1] times, result [0] filtering [0].
[INFO] [2016-12-02 01:39:40.540]
organization: read data in the database.
[INFO] [2016-12-02 01:39:40.550]
organization: cache data in file, [/usr/local/tomcat/temp/~org_cache_4fad7cea2b9c673f1fea18c0b50a8854.tmp].
[INFO] [2016-12-02 01:40:40.736]
repository: fetching [club.ibas.ibcp.systemcenter.bo.organization.OrganizationalStructure] in readonly repository.
[INFO] [2016-12-02 01:40:40.739]
connection: using {Readonly}, user [root] & server [slave] & db [omni_channel_test].
[INFO] [2016-12-02 01:40:40.756]
connection: user [root] connected [slave|omni_channel_test].
[INFO] [2016-12-02 01:40:40.761]
repository: fetch [club.ibas.ibcp.systemcenter.bo.organization.OrganizationalStructure] [1] times, result [0] filtering [0].
[INFO] [2016-12-02 01:40:40.761]
organization: read data in the database.
[INFO] [2016-12-02 01:40:40.768]
organization: cache data in file, [/usr/local/tomcat/temp/~org_cache_4fad7cea2b9c673f1fea18c0b50a8854.tmp].
[INFO] [2016-12-02 01:41:40.946]
repository: fetching [club.ibas.ibcp.systemcenter.bo.organization.OrganizationalStructure] in readonly repository.
[INFO] [2016-12-02 01:41:40.947]
connection: using {Readonly}, user [root] & server [slave] & db [omni_channel_test].
[INFO] [2016-12-02 01:41:40.973]
connection: user [root] connected [slave|omni_channel_test].
[INFO] [2016-12-02 01:41:40.977]
repository: fetch [club.ibas.ibcp.systemcenter.bo.organization.OrganizationalStructure] [1] times, result [0] filtering [0].
[INFO] [2016-12-02 01:41:40.977]
organization: read data in the database.
[INFO] [2016-12-02 01:41:40.980]
organization: cache data in file, [/usr/local/tomcat/temp/~org_cache_4fad7cea2b9c673f1fea18c0b50a8854.tmp].
[INFO] [2016-12-02 01:42:41.207]
repository: fetching [club.ibas.ibcp.systemcenter.bo.organization.OrganizationalStructure] in readonly repository.
[INFO] [2016-12-02 01:42:41.208]
connection: using {Readonly}, user [root] & server [slave] & db [omni_channel_test].
[INFO] [2016-12-02 01:42:41.230]
connection: user [root] connected [slave|omni_channel_test].
[INFO] [2016-12-02 01:42:41.234]
repository: fetch [club.ibas.ibcp.systemcenter.bo.organization.OrganizationalStructure] [1] times, result [0] filtering [0].
[INFO] [2016-12-02 01:42:41.235]
organization: read data in the database.
[INFO] [2016-12-02 01:42:41.246]
organization: cache data in file, [/usr/local/tomcat/temp/~org_cache_4fad7cea2b9c673f1fea18c0b50a8854.tmp].
[INFO] [2016-12-02 01:43:41.421]
repository: fetching [club.ibas.ibcp.systemcenter.bo.organization.OrganizationalStructure] in readonly repository.
[INFO] [2016-12-02 01:43:41.422]
connection: using {Readonly}, user [root] & server [slave] & db [omni_channel_test].
[INFO] [2016-12-02 01:43:41.436]
connection: user [root] connected [slave|omni_channel_test].
[INFO] [2016-12-02 01:43:41.439]
repository: fetch [club.ibas.ibcp.systemcenter.bo.organization.OrganizationalStructure] [1] times, result [0] filtering [0].
[INFO] [2016-12-02 01:43:41.439]
organization: read data in the database.
[INFO] [2016-12-02 01:43:41.460]
organization: cache data in file, [/usr/local/tomcat/temp/~org_cache_4fad7cea2b9c673f1fea18c0b50a8854.tmp].
[INFO] [2016-12-02 01:44:41.540]
repository: fetching [club.ibas.ibcp.systemcenter.bo.organization.OrganizationalStructure] in readonly repository.
[INFO] [2016-12-02 01:44:41.541]
connection: using {Readonly}, user [root] & server [slave] & db [omni_channel_test].
[INFO] [2016-12-02 01:44:41.573]
connection: user [root] connected [slave|omni_channel_test].
[INFO] [2016-12-02 01:44:41.578]
repository: fetch [club.ibas.ibcp.systemcenter.bo.organization.OrganizationalStructure] [1] times, result [0] filtering [0].
[INFO] [2016-12-02 01:44:41.578]
organization: read data in the database.
[INFO] [2016-12-02 01:44:41.588]
organization: cache data in file, [/usr/local/tomcat/temp/~org_cache_4fad7cea2b9c673f1fea18c0b50a8854.tmp].
[INFO] [2016-12-02 01:45:41.792]
repository: fetching [club.ibas.ibcp.systemcenter.bo.organization.OrganizationalStructure] in readonly repository.
[INFO] [2016-12-02 01:45:41.793]
connection: using {Readonly}, user [root] & server [slave] & db [omni_channel_test].
[INFO] [2016-12-02 01:45:41.799]
connection: user [root] connected [slave|omni_channel_test].
[INFO] [2016-12-02 01:45:41.804]
repository: fetch [club.ibas.ibcp.systemcenter.bo.organization.OrganizationalStructure] [1] times, result [0] filtering [0].
[INFO] [2016-12-02 01:45:41.804]
organization: read data in the database.
[INFO] [2016-12-02 01:45:41.808]
organization: cache data in file, [/usr/local/tomcat/temp/~org_cache_4fad7cea2b9c673f1fea18c0b50a8854.tmp].
[INFO] [2016-12-02 01:46:42.068]
repository: fetching [club.ibas.ibcp.systemcenter.bo.organization.OrganizationalStructure] in readonly repository.
[INFO] [2016-12-02 01:46:42.069]
connection: using {Readonly}, user [root] & server [slave] & db [omni_channel_test].
[INFO] [2016-12-02 01:46:42.084]
connection: user [root] connected [slave|omni_channel_test].
[INFO] [2016-12-02 01:46:42.085]
repository: fetch [club.ibas.ibcp.systemcenter.bo.organization.OrganizationalStructure] [1] times, result [0] filtering [0].
[INFO] [2016-12-02 01:46:42.086]
organization: read data in the database.
[INFO] [2016-12-02 01:46:42.092]
organization: cache data in file, [/usr/local/tomcat/temp/~org_cache_4fad7cea2b9c673f1fea18c0b50a8854.tmp].
[INFO] [2016-12-02 01:47:42.190]
repository: fetching [club.ibas.ibcp.systemcenter.bo.organization.OrganizationalStructure] in readonly repository.
[INFO] [2016-12-02 01:47:42.191]
connection: using {Readonly}, user [root] & server [slave] & db [omni_channel_test].
[INFO] [2016-12-02 01:47:42.202]
connection: user [root] connected [slave|omni_channel_test].
[INFO] [2016-12-02 01:47:42.206]
repository: fetch [club.ibas.ibcp.systemcenter.bo.organization.OrganizationalStructure] [1] times, result [0] filtering [0].
[INFO] [2016-12-02 01:47:42.206]
organization: read data in the database.
[INFO] [2016-12-02 01:47:42.224]
organization: cache data in file, [/usr/local/tomcat/temp/~org_cache_4fad7cea2b9c673f1fea18c0b50a8854.tmp].
